build/app/outputs/mapping/release/seeds.txt
com.example.radio1.MainActivity
com.example.radio1.MainActivity: MainActivity()
...
androidx.core.widget.NestedScrollView: float FLING_DESTRETCH_FACTOR
androidx.fragment.app.SpecialEffectsController$Effect: boolean isCancelled
com.google.android.exoplayer2.decoder.Buffer: int flags
com.google.android.exoplayer2.ExoPlayerImplInternal: boolean shuffleModeEnabled
androidx.core.content.res.ComplexColorCompat: int mColor
io.flutter.view.AccessibilityBridge$SemanticsNode: float scrollExtentMin
com.google.android.exoplayer2.util.EGLSurfaceTexture: int SECURE_MODE_SURFACELESS_CONTEXT
io.flutter.view.AccessibilityBridge$SemanticsNode: java.lang.String increasedValue
androidx.customview.R$id: int line3
com.google.android.exoplayer2.upstream.DefaultHttpDataSource: long MAX_BYTES_TO_DRAIN
io.flutter.embedding.engine.plugins.lifecycle.HiddenLifecycleReference: androidx.lifecycle.Lifecycle lifecycle
io.flutter.plugin.platform.PlatformViewsController: io.flutter.embedding.engine.systemchannels.PlatformViewsChannel$PlatformViewsHandler channelHandler
com.google.android.exoplayer2.extractor.mp4.TrackSampleTable: long[] timestampsUs
androidx.core.app.NotificationCompat$Action$WearableExtender: int mFlags
com.google.android.exoplayer2.source.ProgressiveMediaPeriod$TrackState: boolean[] trackNotifiedDownstreamFormats
androidx.core.text.util.LocalePreferences$HourCycle: java.lang.String H11
androidx.media2.session.MediaControllerImplBase$51: java.util.List val$layout
com.google.android.exoplayer2.analytics.MediaMetricsListener: int discontinuityReason
com.google.android.exoplayer2.extractor.ts.MpegAudioReader: int STATE_FINDING_HEADER
com.google.android.exoplayer2.extractor.mkv.MatroskaExtractor: java.lang.String CODEC_ID_VTT
com.google.android.exoplayer2.offline.DefaultDownloadIndex: java.lang.String WHERE_STATE_IS_TERMINAL
com.google.android.exoplayer2.source.ConcatenatingMediaSource2$ConcatenatedTimeline: boolean isSeekable
com.google.android.exoplayer2.audio.DefaultAudioSink: com.google.android.exoplayer2.audio.DefaultAudioSink$StreamEventCallbackV29 offloadStreamEventCallbackV29
androidx.core.view.accessibility.AccessibilityEventCompat: int TYPE_GESTURE_DETECTION_END
com.google.android.exoplayer2.video.MediaCodecVideoRenderer: long lastBufferPresentationTimeUs
com.google.android.exoplayer2.extractor.ts.H265Reader$SampleReader: long sampleTimeUs
androidx.fragment.R$id: int visible_removing_fragment_view_tag
androidx.core.location.LocationRequestCompat: int QUALITY_BALANCED_POWER_ACCURACY
com.google.android.exoplayer2.util.Log: com.google.android.exoplayer2.util.Log$Logger logger
androidx.core.view.inputmethod.InputConnectionCompat$2: androidx.core.view.inputmethod.InputConnectionCompat$OnCommitContentListener val$listener
androidx.media.MediaBrowserServiceCompat$ServiceBinderImpl$4: java.lang.String val$id
com.google.android.exoplayer2.drm.DefaultDrmSession: com.google.android.exoplayer2.drm.DrmSession$DrmSessionException lastException
com.google.android.exoplayer2.extractor.ts.Id3Reader: java.lang.String TAG
com.google.android.exoplayer2.extractor.ChunkIndex: int length
com.google.android.exoplayer2.source.ProgressiveMediaPeriod: com.google.android.exoplayer2.source.ProgressiveMediaExtractor progressiveMediaExtractor
androidx.core.app.ComponentActivity: androidx.lifecycle.LifecycleRegistry lifecycleRegistry
com.google.android.exoplayer2.upstream.AssetDataSource: java.io.InputStream inputStream
com.google.android.exoplayer2.audio.AudioCapabilitiesReceiver: com.google.android.exoplayer2.audio.AudioCapabilitiesReceiver$ExternalSurroundSoundSettingObserver externalSurroundSoundSettingObserver
androidx.collection.SimpleArrayMap: java.lang.Object[] mTwiceBaseCache
io.flutter.plugin.common.JSONMethodCodec: io.flutter.plugin.common.JSONMethodCodec INSTANCE
com.google.android.exoplayer2.extractor.mp4.MetadataUtil: int TYPE_SORT_COMPOSER
androidx.fragment.app.strictmode.FragmentStrictMode$Policy: java.util.Set flags
com.google.android.exoplayer2.source.dash.R$id: int accessibility_custom_action_21