build/app/outputs/mapping/release/mapping.txt
# compiler: R8
# compiler_version: 8.1.56
# min_api: 21
# common_typos_disable
# {"id":"com.android.tools.r8.mapping","version":"2.2"}
# pg_map_id: 5c176d1
# pg_map_hash: SHA-256 5c176d1ed08124a35f75bc5e931e9dc2e525b07031432c38ee9739ee38ace505
...
com.google.common.collect.Hashing -> j.r:
    1:1:int closedTableSize(int,double):0:0 -> a
    1:1:int smear(int):0:0 -> b
    1:1:int smearedHash(java.lang.Object):0:0 -> c
com.google.common.collect.ImmutableCollection -> j.s:
    java.lang.Object[] EMPTY_ARRAY -> g
    1:1:void <clinit>():0:0 -> <clinit>
    void <init>() -> <init>
    com.google.common.collect.ImmutableList asList() -> a
      # {"id":"com.android.tools.r8.residualsignature","signature":"()Lj/u;"}
    1:1:boolean add(java.lang.Object):0:0 -> add
    1:1:boolean addAll(java.util.Collection):0:0 -> addAll
    int copyIntoArray(java.lang.Object[],int) -> b
    1:1:java.lang.Object[] internalArray():0:0 -> c
    1:1:void clear():0:0 -> clear
    boolean contains(java.lang.Object) -> contains
    1:1:int internalArrayEnd():0:0 -> d
    1:1:int internalArrayStart():0:0 -> e
    boolean isPartialView() -> f
    com.google.common.collect.UnmodifiableIterator iterator() -> g
      # {"id":"com.android.tools.r8.residualsignature","signature":"()Lj/t0;"}
    1:1:boolean remove(java.lang.Object):0:0 -> remove
    1:1:boolean removeAll(java.util.Collection):0:0 -> removeAll
    1:1:boolean retainAll(java.util.Collection):0:0 -> retainAll
    1:1:java.lang.Object[] toArray():0:0 -> toArray
    2:2:java.lang.Object[] toArray(java.lang.Object[]):0:0 -> toArray
com.google.common.collect.ImmutableCollection$ArrayBasedBuilder -> j.s$a:
    java.lang.Object[] contents -> a
    int size -> b
    boolean forceCopy -> c
    1:1:void <init>(int):0:0 -> <init>
    1:1:com.google.common.collect.ImmutableCollection$Builder addAll(java.lang.Iterable):0:0 -> b
      # {"id":"com.android.tools.r8.residualsignature","signature":"(Ljava/lang/Iterable;)Lj/s$b;"}
    1:1:com.google.common.collect.ImmutableCollection$ArrayBasedBuilder add(java.lang.Object):0:0 -> d
      # {"id":"com.android.tools.r8.residualsignature","signature":"(Ljava/lang/Object;)Lj/s$a;"}
    1:1:void getReadyToExpandTo(int):0:0 -> e
com.google.common.collect.ImmutableCollection$Builder -> j.s$b:
    void <init>() -> <init>
    com.google.common.collect.ImmutableCollection$Builder add(java.lang.Object) -> a
      # {"id":"com.android.tools.r8.residualsignature","signature":"(Ljava/lang/Object;)Lj/s$b;"}
    1:1:com.google.common.collect.ImmutableCollection$Builder addAll(java.lang.Iterable):0:0 -> b
      # {"id":"com.android.tools.r8.residualsignature","signature":"(Ljava/lang/Iterable;)Lj/s$b;"}
    1:1:int expandedCapacity(int,int):0:0 -> c
com.google.common.collect.ImmutableEntry -> j.t:
    java.lang.Object key -> g
    java.lang.Object value -> h
    1:1:void <init>(java.lang.Object,java.lang.Object):0:0 -> <init>
    1:1:java.lang.Object getKey():0:0 -> getKey
    1:1:java.lang.Object getValue():0:0 -> getValue
    1:1:java.lang.Object setValue(java.lang.Object):0:0 -> setValue